{"/Users/glepur/glepur-example-code/utils.js": {"path":"/Users/glepur/glepur-example-code/utils.js","statementMap":{"0":{"start":{"line":1,"column":20},"end":{"line":1,"column":49}},"1":{"start":{"line":4,"column":2},"end":{"line":37,"column":5}},"2":{"start":{"line":5,"column":4},"end":{"line":36,"column":7}},"3":{"start":{"line":6,"column":6},"end":{"line":35,"column":7}},"4":{"start":{"line":7,"column":26},"end":{"line":7,"column":63}},"5":{"start":{"line":8,"column":19},"end":{"line":8,"column":70}},"6":{"start":{"line":9,"column":8},"end":{"line":11,"column":9}},"7":{"start":{"line":10,"column":10},"end":{"line":10,"column":28}},"8":{"start":{"line":12,"column":24},"end":{"line":12,"column":52}},"9":{"start":{"line":13,"column":24},"end":{"line":13,"column":52}},"10":{"start":{"line":14,"column":24},"end":{"line":31,"column":9}},"11":{"start":{"line":18,"column":29},"end":{"line":18,"column":77}},"12":{"start":{"line":26,"column":29},"end":{"line":26,"column":76}},"13":{"start":{"line":32,"column":8},"end":{"line":32,"column":25}},"14":{"start":{"line":34,"column":8},"end":{"line":34,"column":59}},"15":{"start":{"line":40,"column":0},"end":{"line":42,"column":1}}},"fnMap":{"0":{"name":"parseXML","decl":{"start":{"line":3,"column":9},"end":{"line":3,"column":17}},"loc":{"start":{"line":3,"column":25},"end":{"line":38,"column":1}},"line":3},"1":{"name":"(anonymous_1)","decl":{"start":{"line":4,"column":21},"end":{"line":4,"column":22}},"loc":{"start":{"line":4,"column":42},"end":{"line":37,"column":3}},"line":4},"2":{"name":"(anonymous_2)","decl":{"start":{"line":5,"column":23},"end":{"line":5,"column":24}},"loc":{"start":{"line":5,"column":40},"end":{"line":36,"column":5}},"line":5},"3":{"name":"(anonymous_3)","decl":{"start":{"line":18,"column":24},"end":{"line":18,"column":25}},"loc":{"start":{"line":18,"column":29},"end":{"line":18,"column":77}},"line":18},"4":{"name":"(anonymous_4)","decl":{"start":{"line":26,"column":24},"end":{"line":26,"column":25}},"loc":{"start":{"line":26,"column":29},"end":{"line":26,"column":76}},"line":26}},"branchMap":{"0":{"loc":{"start":{"line":9,"column":8},"end":{"line":11,"column":9}},"type":"if","locations":[{"start":{"line":9,"column":8},"end":{"line":11,"column":9}},{"start":{"line":9,"column":8},"end":{"line":11,"column":9}}],"line":9},"1":{"loc":{"start":{"line":17,"column":19},"end":{"line":21,"column":21}},"type":"cond-expr","locations":[{"start":{"line":18,"column":12},"end":{"line":20,"column":25}},{"start":{"line":21,"column":12},"end":{"line":21,"column":21}}],"line":17},"2":{"loc":{"start":{"line":25,"column":20},"end":{"line":29,"column":21}},"type":"cond-expr","locations":[{"start":{"line":26,"column":12},"end":{"line":28,"column":25}},{"start":{"line":29,"column":12},"end":{"line":29,"column":21}}],"line":25}},"s":{"0":1,"1":4,"2":4,"3":4,"4":4,"5":3,"6":3,"7":1,"8":2,"9":2,"10":2,"11":2,"12":2,"13":2,"14":2,"15":1},"f":{"0":4,"1":4,"2":4,"3":2,"4":2},"b":{"0":[1,2],"1":[1,1],"2":[1,1]},"_coverageSchema":"1a1c01bbd47fc00a2c39e90264f33305004495a9","hash":"06ba3cec2368db80d61a77d88f4241c52d4e4820"}
}
